c:\users\fredy\google drive\desktop\ldapsyncoutlook\src\ldapsyncoutlook\debug\ldapsyncoutlook.pch
c:\users\fredy\google drive\desktop\ldapsyncoutlook\src\ldapsyncoutlook\debug\vc120.pdb
c:\users\fredy\google drive\desktop\ldapsyncoutlook\src\ldapsyncoutlook\debug\vc120.idb
c:\users\fredy\google drive\desktop\ldapsyncoutlook\src\ldapsyncoutlook\debug\stdafx.obj
c:\users\fredy\google drive\desktop\ldapsyncoutlook\src\ldapsyncoutlook\debug\aboutdlg.obj
c:\users\fredy\google drive\desktop\ldapsyncoutlook\src\ldapsyncoutlook\debug\advanceddlg.obj
c:\users\fredy\google drive\desktop\ldapsyncoutlook\src\ldapsyncoutlook\debug\contactobase.obj
c:\users\fredy\google drive\desktop\ldapsyncoutlook\src\ldapsyncoutlook\debug\myregkey.obj
c:\users\fredy\google drive\desktop\ldapsyncoutlook\src\ldapsyncoutlook\debug\sitio.obj
c:\users\fredy\google drive\desktop\ldapsyncoutlook\src\ldapsyncoutlook\debug\threadauto.obj
c:\users\fredy\google drive\desktop\ldapsyncoutlook\src\ldapsyncoutlook\debug\threadldap.obj
c:\users\fredy\google drive\desktop\ldapsyncoutlook\src\ldapsyncoutlook\debug\aktrayicon.obj
c:\users\fredy\google drive\desktop\ldapsyncoutlook\src\ldapsyncoutlook\debug\contactooutlook.obj
c:\users\fredy\google drive\desktop\ldapsyncoutlook\src\ldapsyncoutlook\debug\ldapsyncoutlook.obj
c:\users\fredy\google drive\desktop\ldapsyncoutlook\src\ldapsyncoutlook\debug\ldapsyncoutlookdlg.obj
c:\users\fredy\google drive\desktop\ldapsyncoutlook\src\ldapsyncoutlook\debug\threadoutlook.obj
c:\users\fredy\google drive\desktop\ldapsyncoutlook\src\ldapsyncoutlook\debug\ldapsyncoutlook.ilk
c:\users\fredy\google drive\desktop\ldapsyncoutlook\src\ldapsyncoutlook\debug\ldapsyncoutlook.exe
c:\users\fredy\google drive\desktop\ldapsyncoutlook\src\ldapsyncoutlook\debug\ldapsyncoutlook.pdb
c:\users\fredy\google drive\desktop\ldapsyncoutlook\src\ldapsyncoutlook\debug\ldapsyncoutlook.res
c:\users\fredy\google drive\desktop\ldapsyncoutlook\src\ldapsyncoutlook\debug\ldapsyncoutlook.tlog\cl.command.1.tlog
c:\users\fredy\google drive\desktop\ldapsyncoutlook\src\ldapsyncoutlook\debug\ldapsyncoutlook.tlog\cl.read.1.tlog
c:\users\fredy\google drive\desktop\ldapsyncoutlook\src\ldapsyncoutlook\debug\ldapsyncoutlook.tlog\cl.write.1.tlog
c:\users\fredy\google drive\desktop\ldapsyncoutlook\src\ldapsyncoutlook\debug\ldapsyncoutlook.tlog\link.command.1.tlog
c:\users\fredy\google drive\desktop\ldapsyncoutlook\src\ldapsyncoutlook\debug\ldapsyncoutlook.tlog\link.read.1.tlog
c:\users\fredy\google drive\desktop\ldapsyncoutlook\src\ldapsyncoutlook\debug\ldapsyncoutlook.tlog\link.write.1.tlog
c:\users\fredy\google drive\desktop\ldapsyncoutlook\src\ldapsyncoutlook\debug\ldapsyncoutlook.tlog\rc.command.1.tlog
c:\users\fredy\google drive\desktop\ldapsyncoutlook\src\ldapsyncoutlook\debug\ldapsyncoutlook.tlog\rc.read.1.tlog
c:\users\fredy\google drive\desktop\ldapsyncoutlook\src\ldapsyncoutlook\debug\ldapsyncoutlook.tlog\rc.write.1.tlog
